<?xml version="1.0" encoding="UTF-8" ?>
<testsuite failures="0" time="127.636" errors="0" skipped="0" tests="26" name="com.agiletec.plugins.jpstats.AllTests">
  <properties>
    <property name="java.runtime.name" value="Java(TM) SE Runtime Environment"/>
    <property name="sun.boot.library.path" value="/usr/lib/jvm/java-7-oracle/jre/lib/i386"/>
    <property name="java.vm.version" value="24.65-b04"/>
    <property name="java.vm.vendor" value="Oracle Corporation"/>
    <property name="java.vendor.url" value="http://java.oracle.com/"/>
    <property name="path.separator" value=":"/>
    <property name="guice.disable.misplaced.annotation.check" value="true"/>
    <property name="java.vm.name" value="Java HotSpot(TM) Server VM"/>
    <property name="file.encoding.pkg" value="sun.io"/>
    <property name="user.country" value="IT"/>
    <property name="sun.java.launcher" value="SUN_STANDARD"/>
    <property name="sun.os.patch.level" value="unknown"/>
    <property name="java.vm.specification.name" value="Java Virtual Machine Specification"/>
    <property name="user.dir" value="/home/eu/ENTANDO/github_eugeniosant/entando-components"/>
    <property name="java.runtime.version" value="1.7.0_65-b17"/>
    <property name="java.awt.graphicsenv" value="sun.awt.X11GraphicsEnvironment"/>
    <property name="java.endorsed.dirs" value="/usr/lib/jvm/java-7-oracle/jre/lib/endorsed"/>
    <property name="os.arch" value="i386"/>
    <property name="java.io.tmpdir" value="/tmp"/>
    <property name="line.separator" value="
"/>
    <property name="java.vm.specification.vendor" value="Oracle Corporation"/>
    <property name="os.name" value="Linux"/>
    <property name="classworlds.conf" value="/usr/share/maven/bin/m2.conf"/>
    <property name="sun.jnu.encoding" value="UTF-8"/>
    <property name="java.library.path" value="/usr/java/packages/lib/i386:/lib:/usr/lib"/>
    <property name="java.specification.name" value="Java Platform API Specification"/>
    <property name="java.class.version" value="51.0"/>
    <property name="sun.management.compiler" value="HotSpot Tiered Compilers"/>
    <property name="os.version" value="3.11.0-26-generic"/>
    <property name="user.home" value="/home/eu"/>
    <property name="user.timezone" value="Europe/Rome"/>
    <property name="java.awt.printerjob" value="sun.print.PSPrinterJob"/>
    <property name="file.encoding" value="UTF-8"/>
    <property name="java.specification.version" value="1.7"/>
    <property name="user.name" value="eu"/>
    <property name="java.class.path" value="/usr/share/maven/boot/plexus-classworlds-2.x.jar"/>
    <property name="java.vm.specification.version" value="1.7"/>
    <property name="sun.arch.data.model" value="32"/>
    <property name="java.home" value="/usr/lib/jvm/java-7-oracle/jre"/>
    <property name="sun.java.command" value="org.codehaus.plexus.classworlds.launcher.Launcher clean test"/>
    <property name="java.specification.vendor" value="Oracle Corporation"/>
    <property name="user.language" value="it"/>
    <property name="awt.toolkit" value="sun.awt.X11.XToolkit"/>
    <property name="java.vm.info" value="mixed mode"/>
    <property name="java.version" value="1.7.0_65"/>
    <property name="java.ext.dirs" value="/usr/lib/jvm/java-7-oracle/jre/lib/ext:/usr/java/packages/lib/ext"/>
    <property name="securerandom.source" value="file:/dev/./urandom"/>
    <property name="sun.boot.class.path" value="/usr/lib/jvm/java-7-oracle/jre/lib/resources.jar:/usr/lib/jvm/java-7-oracle/jre/lib/rt.jar:/usr/lib/jvm/java-7-oracle/jre/lib/sunrsasign.jar:/usr/lib/jvm/java-7-oracle/jre/lib/jsse.jar:/usr/lib/jvm/java-7-oracle/jre/lib/jce.jar:/usr/lib/jvm/java-7-oracle/jre/lib/charsets.jar:/usr/lib/jvm/java-7-oracle/jre/lib/jfr.jar:/usr/lib/jvm/java-7-oracle/jre/classes"/>
    <property name="java.vendor" value="Oracle Corporation"/>
    <property name="maven.home" value="/usr/share/maven"/>
    <property name="file.separator" value="/"/>
    <property name="java.vendor.url.bug" value="http://bugreport.sun.com/bugreport/"/>
    <property name="sun.cpu.endian" value="little"/>
    <property name="sun.io.unicode.encoding" value="UnicodeLittle"/>
    <property name="sun.desktop" value="gnome"/>
    <property name="sun.cpu.isalist" value=""/>
  </properties>
  <testcase time="49.083" classname="com.agiletec.plugins.jpstats.aps.system.services.stats.TestStatsDao" name="testGetHitsByInterval"/>
  <testcase time="8.427" classname="com.agiletec.plugins.jpstats.aps.system.services.stats.TestStatsDao" name="testAddStatsRecord"/>
  <testcase time="3.621" classname="com.agiletec.plugins.jpstats.aps.system.services.stats.TestStatsDao" name="testGetAverageTimeSite"/>
  <testcase time="2.988" classname="com.agiletec.plugins.jpstats.aps.system.services.stats.TestStatsDao" name="testGetAverageTimePage"/>
  <testcase time="2.316" classname="com.agiletec.plugins.jpstats.aps.system.services.stats.TestStatsDao" name="testGetNumPageSession"/>
  <testcase time="2.351" classname="com.agiletec.plugins.jpstats.aps.system.services.stats.TestStatsDao" name="testGetPageVisitedDesc"/>
  <testcase time="2.459" classname="com.agiletec.plugins.jpstats.aps.system.services.stats.TestStatsDao" name="testGetTopContents"/>
  <testcase time="2.379" classname="com.agiletec.plugins.jpstats.aps.system.services.stats.TestStatsDao" name="testGetFirstCalendarDay"/>
  <testcase time="2.257" classname="com.agiletec.plugins.jpstats.aps.system.services.stats.TestStatsDao" name="testGetIPByDateInterval"/>
  <testcase time="2.511" classname="com.agiletec.plugins.jpstats.aps.system.services.stats.TestStatsManager" name="testGetHitsByInterval"/>
  <testcase time="2.644" classname="com.agiletec.plugins.jpstats.aps.system.services.stats.TestStatsManager" name="testAddStatsRecord"/>
  <testcase time="2.321" classname="com.agiletec.plugins.jpstats.aps.system.services.stats.TestStatsManager" name="testGetAverageTimeSite"/>
  <testcase time="2.335" classname="com.agiletec.plugins.jpstats.aps.system.services.stats.TestStatsManager" name="testGetAverageTimePage"/>
  <testcase time="2.491" classname="com.agiletec.plugins.jpstats.aps.system.services.stats.TestStatsManager" name="testGetNumPageSession"/>
  <testcase time="2.643" classname="com.agiletec.plugins.jpstats.aps.system.services.stats.TestStatsManager" name="testGetTopContents"/>
  <testcase time="2.599" classname="com.agiletec.plugins.jpstats.aps.system.services.stats.TestStatsManager" name="testGetPageVisitedAsc"/>
  <testcase time="2.535" classname="com.agiletec.plugins.jpstats.aps.system.services.stats.TestStatsManager" name="testCountIPByDateInterval"/>
  <testcase time="2.602" classname="com.agiletec.plugins.jpstats.aps.system.services.stats.TestStatsManager" name="testGetFirsrCalendarDay"/>
  <testcase time="2.643" classname="com.agiletec.plugins.jpstats.aps.system.services.controller.control.TestStatsMonitor" name="testServiceFailure"/>
  <testcase time="2.731" classname="com.agiletec.plugins.jpstats.aps.system.services.controller.control.TestStatsMonitor" name="testInit"/>
  <testcase time="2.701" classname="com.agiletec.plugins.jpstats.aps.system.services.controller.control.TestStatsMonitor" name="testService"/>
  <testcase time="6.601" classname="com.agiletec.plugins.jpstats.apsadmin.TestStatisticsAction" name="testPerformFirstView"/>
  <testcase time="2.848" classname="com.agiletec.plugins.jpstats.apsadmin.TestStatisticsAction" name="testPerformWithDataView"/>
  <testcase time="1.966" classname="com.agiletec.plugins.jpstats.apsadmin.TestStatisticsAction" name="testPerformErrorFormatDatesView"/>
  <testcase time="2.776" classname="com.agiletec.plugins.jpstats.apsadmin.TestStatisticsAction" name="testPerformErrorDatesOrderView"/>
  <testcase time="6.808" classname="com.agiletec.plugins.jpstats.aps.util.TestCalendarConverter" name="testGetCalendarDay"/>
</testsuite>