<?xml version="1.0" encoding="UTF-8" ?>
<testsuite failures="0" time="83.432" errors="0" skipped="0" tests="27" name="com.agiletec.plugins.jpuserreg.AllTests">
  <properties>
    <property name="java.runtime.name" value="Java(TM) SE Runtime Environment"/>
    <property name="sun.boot.library.path" value="/usr/lib/jvm/java-7-oracle/jre/lib/i386"/>
    <property name="java.vm.version" value="24.65-b04"/>
    <property name="java.vm.vendor" value="Oracle Corporation"/>
    <property name="java.vendor.url" value="http://java.oracle.com/"/>
    <property name="path.separator" value=":"/>
    <property name="guice.disable.misplaced.annotation.check" value="true"/>
    <property name="java.vm.name" value="Java HotSpot(TM) Server VM"/>
    <property name="file.encoding.pkg" value="sun.io"/>
    <property name="user.country" value="IT"/>
    <property name="sun.java.launcher" value="SUN_STANDARD"/>
    <property name="sun.os.patch.level" value="unknown"/>
    <property name="java.vm.specification.name" value="Java Virtual Machine Specification"/>
    <property name="user.dir" value="/home/eu/ENTANDO/github_eugeniosant/entando-components"/>
    <property name="java.runtime.version" value="1.7.0_65-b17"/>
    <property name="java.awt.graphicsenv" value="sun.awt.X11GraphicsEnvironment"/>
    <property name="java.endorsed.dirs" value="/usr/lib/jvm/java-7-oracle/jre/lib/endorsed"/>
    <property name="os.arch" value="i386"/>
    <property name="java.io.tmpdir" value="/tmp"/>
    <property name="line.separator" value="
"/>
    <property name="java.vm.specification.vendor" value="Oracle Corporation"/>
    <property name="os.name" value="Linux"/>
    <property name="classworlds.conf" value="/usr/share/maven/bin/m2.conf"/>
    <property name="sun.jnu.encoding" value="UTF-8"/>
    <property name="java.library.path" value="/usr/java/packages/lib/i386:/lib:/usr/lib"/>
    <property name="java.specification.name" value="Java Platform API Specification"/>
    <property name="java.class.version" value="51.0"/>
    <property name="sun.management.compiler" value="HotSpot Tiered Compilers"/>
    <property name="os.version" value="3.11.0-26-generic"/>
    <property name="user.home" value="/home/eu"/>
    <property name="user.timezone" value="Europe/Rome"/>
    <property name="java.awt.printerjob" value="sun.print.PSPrinterJob"/>
    <property name="file.encoding" value="UTF-8"/>
    <property name="java.specification.version" value="1.7"/>
    <property name="user.name" value="eu"/>
    <property name="java.class.path" value="/usr/share/maven/boot/plexus-classworlds-2.x.jar"/>
    <property name="java.vm.specification.version" value="1.7"/>
    <property name="sun.arch.data.model" value="32"/>
    <property name="java.home" value="/usr/lib/jvm/java-7-oracle/jre"/>
    <property name="sun.java.command" value="org.codehaus.plexus.classworlds.launcher.Launcher clean test"/>
    <property name="java.specification.vendor" value="Oracle Corporation"/>
    <property name="user.language" value="it"/>
    <property name="awt.toolkit" value="sun.awt.X11.XToolkit"/>
    <property name="java.vm.info" value="mixed mode"/>
    <property name="java.version" value="1.7.0_65"/>
    <property name="java.ext.dirs" value="/usr/lib/jvm/java-7-oracle/jre/lib/ext:/usr/java/packages/lib/ext"/>
    <property name="securerandom.source" value="file:/dev/./urandom"/>
    <property name="sun.boot.class.path" value="/usr/lib/jvm/java-7-oracle/jre/lib/resources.jar:/usr/lib/jvm/java-7-oracle/jre/lib/rt.jar:/usr/lib/jvm/java-7-oracle/jre/lib/sunrsasign.jar:/usr/lib/jvm/java-7-oracle/jre/lib/jsse.jar:/usr/lib/jvm/java-7-oracle/jre/lib/jce.jar:/usr/lib/jvm/java-7-oracle/jre/lib/charsets.jar:/usr/lib/jvm/java-7-oracle/jre/lib/jfr.jar:/usr/lib/jvm/java-7-oracle/jre/classes"/>
    <property name="java.vendor" value="Oracle Corporation"/>
    <property name="maven.home" value="/usr/share/maven"/>
    <property name="file.separator" value="/"/>
    <property name="java.vendor.url.bug" value="http://bugreport.sun.com/bugreport/"/>
    <property name="sun.cpu.endian" value="little"/>
    <property name="sun.io.unicode.encoding" value="UnicodeLittle"/>
    <property name="sun.desktop" value="gnome"/>
    <property name="sun.cpu.isalist" value=""/>
  </properties>
  <testcase time="52.482" classname="com.agiletec.plugins.jpuserreg.aps.system.services.userreg.TestUserRegDAO" name="testRemoveConsumedToken"/>
  <testcase time="2.749" classname="com.agiletec.plugins.jpuserreg.aps.system.services.userreg.TestUserRegDAO" name="testAddReactivationToken_ClearOldAccountRequests_GetUsernameFromToken"/>
  <testcase time="3.319" classname="com.agiletec.plugins.jpuserreg.aps.system.services.userreg.TestUserRegDAO" name="testAddActivationToken_ClearOldAccountRequests_GetUsernameFromToken"/>
  <testcase time="1.675" classname="com.agiletec.plugins.jpuserreg.aps.system.services.userreg.TestUserRegDAO" name="testClearTokenByUsername"/>
  <testcase time="1.791" classname="com.agiletec.plugins.jpuserreg.aps.system.services.userreg.TestUserRegManager" name="testRegAccount"/>
  <testcase time="1.728" classname="com.agiletec.plugins.jpuserreg.aps.system.services.userreg.TestUserRegManager" name="testActivateUser"/>
  <testcase time="1.109" classname="com.agiletec.plugins.jpuserreg.aps.system.services.userreg.TestUserRegManager" name="testReactivateUser"/>
  <testcase time="1.059" classname="com.agiletec.plugins.jpuserreg.aps.system.services.userreg.TestUserRegManager" name="testDeactivateUser"/>
  <testcase time="0.917" classname="com.agiletec.plugins.jpuserreg.aps.system.services.userreg.TestUserRegManager" name="testGetUsernameFromToken"/>
  <testcase time="1.043" classname="com.agiletec.plugins.jpuserreg.aps.system.services.userreg.TestUserRegManager" name="testReactivationByEmail"/>
  <testcase time="1.003" classname="com.agiletec.plugins.jpuserreg.aps.system.services.userreg.TestUserRegManager" name="testReactivationByUserName"/>
  <testcase time="1.268" classname="com.agiletec.plugins.jpuserreg.aps.internalservlet.registration.TestUserRegistrationAction" name="testRegister"/>
  <testcase time="1.014" classname="com.agiletec.plugins.jpuserreg.aps.internalservlet.registration.TestUserRegistrationAction" name="testInitRegistration"/>
  <testcase time="1.499" classname="com.agiletec.plugins.jpuserreg.aps.internalservlet.registration.TestUserRegistrationAction" name="testRegister_Requiredfields"/>
  <testcase time="1.159" classname="com.agiletec.plugins.jpuserreg.aps.internalservlet.registration.TestUserRegistrationAction" name="testSaveRegistration_UserAlreadyPresent"/>
  <testcase time="1.377" classname="com.agiletec.plugins.jpuserreg.aps.internalservlet.registration.TestUserRegistrationAction" name="testSaveRegistration_EmailAlreadyPresent"/>
  <testcase time="0.619" classname="com.agiletec.plugins.jpuserreg.aps.internalservlet.activation.TestUserActivationAction" name="testInitActivation_ErrorWithoutToken"/>
  <testcase time="0.921" classname="com.agiletec.plugins.jpuserreg.aps.internalservlet.activation.TestUserActivationAction" name="testActivate"/>
  <testcase time="0.768" classname="com.agiletec.plugins.jpuserreg.aps.internalservlet.activation.TestUserActivationAction" name="testActivateWithFakeToken"/>
  <testcase time="0.779" classname="com.agiletec.plugins.jpuserreg.aps.internalservlet.activation.TestUserActivationAction" name="testInitReactivation_ErrorWithoutOrFakeToken"/>
  <testcase time="0.885" classname="com.agiletec.plugins.jpuserreg.aps.internalservlet.activation.TestUserActivationAction" name="testReactivate"/>
  <testcase time="1.249" classname="com.agiletec.plugins.jpuserreg.aps.internalservlet.recover.TestUserRecoverAction" name="testRecoverFromUsername_RecoverFromEmail"/>
  <testcase time="0.729" classname="com.agiletec.plugins.jpuserreg.aps.internalservlet.suspension.TestUserSuspensionAction" name="testInitSuspend_RedirectWithoutUserOnSession"/>
  <testcase time="0.803" classname="com.agiletec.plugins.jpuserreg.aps.internalservlet.suspension.TestUserSuspensionAction" name="testInitSuspend_RedirectToErrorPageForAdministrators"/>
  <testcase time="0.543" classname="com.agiletec.plugins.jpuserreg.aps.internalservlet.suspension.TestUserSuspensionAction" name="testSuspend_NoRequiredPassword"/>
  <testcase time="0.456" classname="com.agiletec.plugins.jpuserreg.aps.internalservlet.suspension.TestUserSuspensionAction" name="testSuspend_WrongPassword"/>
  <testcase time="0.488" classname="com.agiletec.plugins.jpuserreg.aps.internalservlet.suspension.TestUserSuspensionAction" name="testSuspend"/>
</testsuite>